[35m[Appium][39m Welcome to Appium v1.22.3
[35m[Appium][39m Non-default server args:
[35m[Appium][39m   port: 56509
[35m[Appium][39m   loglevel: info
[35m[Appium][39m   tmpDir: C:\Users\095097\AppData\Local\Temp\\Katalon\Appium\Temp1657165329290
[35m[Appium][39m   chromedriverPort: 56510
[35m[Appium][39m Deprecated server args:
[35m[Appium][39m   [31m--chromedriver-port[39m => --default-capabilities
[35m[Appium][39m Default capabilities, which will be added to each request unless overridden by desired capabilities:
[35m[Appium][39m   chromedriverPort: 56510
[35m[Appium][39m Appium REST http interface listener started on 0.0.0.0:56509
[35m[HTTP][39m [37m-->[39m [37mGET[39m [37m/wd/hub/status[39m
[35m[HTTP][39m [90m{}[39m
[35m[HTTP][39m [37m<-- GET /wd/hub/status [39m[32m200[39m [90m7 ms - 68[39m
[35m[HTTP][39m [90m[39m
[35m[HTTP][39m [37m-->[39m [37mGET[39m [37m/wd/hub/status[39m
[35m[HTTP][39m [90m{}[39m
[35m[HTTP][39m [37m<-- GET /wd/hub/status [39m[32m200[39m [90m2 ms - 68[39m
[35m[HTTP][39m [90m[39m
[35m[HTTP][39m [37m-->[39m [37mPOST[39m [37m/wd/hub/session[39m
[35m[HTTP][39m [90m{"desiredCapabilities":{"appActivity":".Settings","appPackage":"com.android.settings","newCommandTimeout":1800,"platformVersion":"10","automationName":"uiautomator2","autoGrantPermissions":true,"platformName":"Android","udid":"192.168.15.101:5555","deviceName":"Genymobile Google (Android 10)","platform":"ANDROID","systemPort":8267},"capabilities":{"firstMatch":[{"appium:appActivity":".Settings","appium:appPackage":"com.android.settings","appium:autoGrantPermissions":true,"appium:automationName":"uiautomator2","appium:deviceName":"Genymobile Google (Android 10)","appium:newCommandTimeout":1800,"platform":"ANDROID","platformName":"android","appium:platformVersion":"10","appium:systemPort":8267,"appium:udid":"192.168.15.101:5555"}]}}[39m
[35m[BaseDriver][39m The following capabilities are not standard capabilities and should have an extension prefix:
[35m[BaseDriver][39m   platform
[35m[BaseDriver][39m   chromedriverPort
[35m[Appium][39m Appium v1.22.3 creating new AndroidUiautomator2Driver (v1.70.1) session
[35m[BaseDriver][39m The following capabilities were provided, but are not recognized by Appium:
[35m[BaseDriver][39m   platform
[35m[BaseDriver][39m Session created with session id: b020e89d-cfd5-4ac3-9248-05892e379115
[35m[UiAutomator2][39m Starting 'com.android.settings' directly on the device
[35m[ADB][39m Found 1 'build-tools' folders under 'C:\Users\095097\.katalon\tools\android_sdk' (newest first):
[35m[ADB][39m     C:/Users/095097/.katalon/tools/android_sdk/build-tools/29.0.3
[35m[ADB][39m Using 'adb.exe' from 'C:\Users\095097\.katalon\tools\android_sdk\platform-tools\adb.exe'
[35m[AndroidDriver][39m Retrieving device list
[35m[AndroidDriver][39m Using device: 192.168.15.101:5555
[35m[ADB][39m Using 'adb.exe' from 'C:\Users\095097\.katalon\tools\android_sdk\platform-tools\adb.exe'
[35m[ADB][39m Getting device platform version
[35m[UiAutomator2][39m Relaxing hidden api policy
[35m[AndroidDriver][39m No app sent in, not parsing package/activity
[35m[ADB][39m Using 'apksigner.jar' from 'C:\Users\095097\.katalon\tools\android_sdk\build-tools\29.0.3\lib\apksigner.jar'
[35m[ADB][39m 'C:\Users\095097\AppData\Roaming\npm\node_modules\appium\node_modules\appium-uiautomator2-server\apks\appium-uiautomator2-server-v4.27.0.apk' is signed with the default certificate
[35m[ADB][39m 'C:\Users\095097\AppData\Roaming\npm\node_modules\appium\node_modules\appium-uiautomator2-server\apks\appium-uiautomator2-server-debug-androidTest.apk' is signed with the default certificate
[35m[UiAutomator2][39m Server packages are not going to be (re)installed
[35m[ADB][39m Adding packages ["io.appium.settings","io.appium.uiautomator2.server","io.appium.uiautomator2.server.test"] to Doze whitelist
[35m[UiAutomator2][39m Starting UIAutomator2 server 4.27.0
[35m[UiAutomator2][39m Using UIAutomator2 server from 'C:\Users\095097\AppData\Roaming\npm\node_modules\appium\node_modules\appium-uiautomator2-server\apks\appium-uiautomator2-server-v4.27.0.apk' and test from 'C:\Users\095097\AppData\Roaming\npm\node_modules\appium\node_modules\appium-uiautomator2-server\apks\appium-uiautomator2-server-debug-androidTest.apk'
[35m[UiAutomator2][39m Waiting up to 30000ms for UiAutomator2 to be online...
[35m[WD Proxy][39m socket hang up
[35m[WD Proxy][39m socket hang up
[35m[WD Proxy][39m socket hang up
[35m[WD Proxy][39m socket hang up
[35m[WD Proxy][39m Determined the downstream protocol as 'W3C'
[35m[AndroidDriver][39m Screen already unlocked, doing nothing
[35m[UiAutomator2][39m Starting 'com.android.settings/.Settings and waiting for 'com.android.settings/.Settings'
[35m[Appium][39m New AndroidUiautomator2Driver session created successfully, session b020e89d-cfd5-4ac3-9248-05892e379115 added to master session list
[35m[HTTP][39m [37m<-- POST /wd/hub/session [39m[32m200[39m [90m11795 ms - 1192[39m
[35m[HTTP][39m [90m[39m
[35m[HTTP][39m [37m-->[39m [37mGET[39m [37m/wd/hub/session/b020e89d-cfd5-4ac3-9248-05892e379115[39m
[35m[HTTP][39m [90m{}[39m
[35m[HTTP][39m [37m<-- GET /wd/hub/session/b020e89d-cfd5-4ac3-9248-05892e379115 [39m[32m200[39m [90m19 ms - 1146[39m
[35m[HTTP][39m [90m[39m
[35m[HTTP][39m [37m-->[39m [37mGET[39m [37m/wd/hub/session/b020e89d-cfd5-4ac3-9248-05892e379115[39m
[35m[HTTP][39m [90m{}[39m
[35m[HTTP][39m [37m<-- GET /wd/hub/session/b020e89d-cfd5-4ac3-9248-05892e379115 [39m[32m200[39m [90m25 ms - 1146[39m
[35m[HTTP][39m [90m[39m
[35m[HTTP][39m [37m-->[39m [37mGET[39m [37m/wd/hub/status[39m
[35m[HTTP][39m [90m{}[39m
[35m[HTTP][39m [37m<-- GET /wd/hub/status [39m[32m200[39m [90m1 ms - 68[39m
[35m[HTTP][39m [90m[39m
[35m[HTTP][39m [37m-->[39m [37mPOST[39m [37m/wd/hub/session/b020e89d-cfd5-4ac3-9248-05892e379115/timeouts[39m
[35m[HTTP][39m [90m{"implicit":60000}[39m
[35m[HTTP][39m [37m<-- POST /wd/hub/session/b020e89d-cfd5-4ac3-9248-05892e379115/timeouts [39m[32m200[39m [90m4 ms - 14[39m
[35m[HTTP][39m [90m[39m
[35m[HTTP][39m [37m-->[39m [37mGET[39m [37m/wd/hub/session/b020e89d-cfd5-4ac3-9248-05892e379115/screenshot[39m
[35m[HTTP][39m [90m{}[39m
[35m[HTTP][39m [37m<-- GET /wd/hub/session/b020e89d-cfd5-4ac3-9248-05892e379115/screenshot [39m[32m200[39m [90m755 ms - 35872[39m
[35m[HTTP][39m [90m[39m
[35m[HTTP][39m [37m-->[39m [37mGET[39m [37m/wd/hub/session/b020e89d-cfd5-4ac3-9248-05892e379115/window/rect[39m
[35m[HTTP][39m [90m{}[39m
[35m[HTTP][39m [37m<-- GET /wd/hub/session/b020e89d-cfd5-4ac3-9248-05892e379115/window/rect [39m[32m200[39m [90m22 ms - 50[39m
[35m[HTTP][39m [90m[39m
[35m[HTTP][39m [37m-->[39m [37mGET[39m [37m/wd/hub/session/b020e89d-cfd5-4ac3-9248-05892e379115/appium/device/system_bars[39m
[35m[HTTP][39m [90m{}[39m
[35m[HTTP][39m [37m<-- GET /wd/hub/session/b020e89d-cfd5-4ac3-9248-05892e379115/appium/device/system_bars [39m[32m200[39m [90m169 ms - 148[39m
[35m[HTTP][39m [90m[39m
[35m[HTTP][39m [37m-->[39m [37mPOST[39m [37m/wd/hub/session/b020e89d-cfd5-4ac3-9248-05892e379115/appium/device/activate_app[39m
[35m[HTTP][39m [90m{"bundleId":"com.solodroid.solomerce"}[39m
[35m[HTTP][39m [37m<-- POST /wd/hub/session/b020e89d-cfd5-4ac3-9248-05892e379115/appium/device/activate_app [39m[32m200[39m [90m746 ms - 14[39m
[35m[HTTP][39m [90m[39m
[35m[HTTP][39m [37m-->[39m [37mGET[39m [37m/wd/hub/session/b020e89d-cfd5-4ac3-9248-05892e379115/source[39m
[35m[HTTP][39m [90m{}[39m
[35m[W3C (b020e89d)][39m Driver proxy active, passing request on via HTTP proxy
[35m[WD Proxy][39m Replacing sessionId dfddf463-b75a-406f-bcad-4788690f10e8 with b020e89d-cfd5-4ac3-9248-05892e379115
[35m[HTTP][39m [37m<-- GET /wd/hub/session/b020e89d-cfd5-4ac3-9248-05892e379115/source [39m[32m200[39m [90m1083 ms - 25296[39m
[35m[HTTP][39m [90m[39m
[35m[HTTP][39m [37m-->[39m [37mGET[39m [37m/wd/hub/session/b020e89d-cfd5-4ac3-9248-05892e379115/screenshot[39m
[35m[HTTP][39m [90m{}[39m
[35m[HTTP][39m [37m<-- GET /wd/hub/session/b020e89d-cfd5-4ac3-9248-05892e379115/screenshot [39m[32m200[39m [90m747 ms - 99422[39m
[35m[HTTP][39m [90m[39m
[35m[HTTP][39m [37m-->[39m [37mGET[39m [37m/wd/hub/session/b020e89d-cfd5-4ac3-9248-05892e379115/source[39m
[35m[HTTP][39m [90m{}[39m
[35m[W3C (b020e89d)][39m Driver proxy active, passing request on via HTTP proxy
[35m[WD Proxy][39m Replacing sessionId dfddf463-b75a-406f-bcad-4788690f10e8 with b020e89d-cfd5-4ac3-9248-05892e379115
[35m[HTTP][39m [37m<-- GET /wd/hub/session/b020e89d-cfd5-4ac3-9248-05892e379115/source [39m[32m200[39m [90m107 ms - 7301[39m
[35m[HTTP][39m [90m[39m
[35m[HTTP][39m [37m-->[39m [37mGET[39m [37m/wd/hub/session/b020e89d-cfd5-4ac3-9248-05892e379115/screenshot[39m
[35m[HTTP][39m [90m{}[39m
[35m[HTTP][39m [37m<-- GET /wd/hub/session/b020e89d-cfd5-4ac3-9248-05892e379115/screenshot [39m[32m200[39m [90m612 ms - 108822[39m
[35m[HTTP][39m [90m[39m
[35m[HTTP][39m [37m-->[39m [37mPOST[39m [37m/wd/hub/session/b020e89d-cfd5-4ac3-9248-05892e379115/elements[39m
[35m[HTTP][39m [90m{"using":"xpath","value":"//*[@class = 'android.widget.Button' and (@text = 'YES' or . = 'YES') and @resource-id = 'android:id/button1']"}[39m
[35m[HTTP][39m [37m<-- POST /wd/hub/session/b020e89d-cfd5-4ac3-9248-05892e379115/elements [39m[32m200[39m [90m60051 ms - 12[39m
[35m[HTTP][39m [90m[39m
[35m[HTTP][39m [37m-->[39m [37mPOST[39m [37m/wd/hub/session/b020e89d-cfd5-4ac3-9248-05892e379115/elements[39m
[35m[HTTP][39m [90m{"using":"id","value":"android:id/button1"}[39m
[35m[HTTP][39m [37m<-- POST /wd/hub/session/b020e89d-cfd5-4ac3-9248-05892e379115/elements [39m[32m200[39m [90m60018 ms - 12[39m
[35m[HTTP][39m [90m[39m
[35m[HTTP][39m [37m-->[39m [37mPOST[39m [37m/wd/hub/session/b020e89d-cfd5-4ac3-9248-05892e379115/elements[39m
[35m[HTTP][39m [90m{"using":"-android uiautomator","value":"new UiSelector().className(\"android.widget.Button\").text(\"YES\").resourceId(\"android:id/button1\")"}[39m
[35m[HTTP][39m [37m<-- POST /wd/hub/session/b020e89d-cfd5-4ac3-9248-05892e379115/elements [39m[32m200[39m [90m60029 ms - 12[39m
[35m[HTTP][39m [90m[39m
[35m[HTTP][39m [37m-->[39m [37mDELETE[39m [37m/wd/hub/session/b020e89d-cfd5-4ac3-9248-05892e379115[39m
[35m[HTTP][39m [90m{}[39m
[35m[Appium][39m Removing session b020e89d-cfd5-4ac3-9248-05892e379115 from our master session list
[35m[UiAutomator2][39m Restoring hidden api policy to the device default configuration
[35m[HTTP][39m [37m<-- DELETE /wd/hub/session/b020e89d-cfd5-4ac3-9248-05892e379115 [39m[32m200[39m [90m715 ms - 14[39m
[35m[HTTP][39m [90m[39m
